[debug] [2019-02-18T15:38:30.331Z] ----------------------------------------------------------------------
[debug] [2019-02-18T15:38:30.338Z] Command:       C:\Program Files\nodejs\node.exe C:\Users\imado\AppData\Roaming\npm\node_modules\firebase-tools\lib\bin\firebase.js deploy --project baleadas-aebd9
[debug] [2019-02-18T15:38:30.338Z] CLI Version:   6.3.1
[debug] [2019-02-18T15:38:30.338Z] Platform:      win32
[debug] [2019-02-18T15:38:30.338Z] Node Version:  v11.9.0
[debug] [2019-02-18T15:38:30.341Z] Time:          Mon Feb 18 2019 09:38:30 GMT-0600 (Central Standard Time)
[debug] [2019-02-18T15:38:30.342Z] ----------------------------------------------------------------------
[debug] 
[debug] [2019-02-18T15:38:30.369Z] > command requires scopes: ["email","openid","https://www.googleapis.com/auth/cloudplatformprojects.readonly","https://www.googleapis.com/auth/firebase","https://www.googleapis.com/auth/cloud-platform"]
[debug] [2019-02-18T15:38:30.370Z] > authorizing via signed-in user
[debug] [2019-02-18T15:38:30.370Z] [iam] checking project baleadas-aebd9 for permissions ["firebase.projects.get","firebasehosting.sites.update"]
[debug] [2019-02-18T15:38:30.374Z] >>> HTTP REQUEST POST https://cloudresourcemanager.googleapis.com/v1/projects/baleadas-aebd9:testIamPermissions  

[debug] [2019-02-18T15:38:30.742Z] <<< HTTP RESPONSE 200
[debug] [2019-02-18T15:38:30.751Z] >>> HTTP REQUEST GET https://firebase.googleapis.com/v1beta1/projects/baleadas-aebd9  
 
[debug] [2019-02-18T15:38:31.260Z] <<< HTTP RESPONSE 200
[info] 
[info] === Deploying to 'baleadas-aebd9'...
[info] 
[info] i  deploying hosting
[debug] [2019-02-18T15:38:31.317Z] >>> HTTP REQUEST POST https://firebasehosting.googleapis.com/v1beta1/sites/baleadas-aebd9/versions  

[debug] [2019-02-18T15:38:32.201Z] <<< HTTP RESPONSE 200
[info] i  hosting[baleadas-aebd9]: beginning deploy...
[info] i  hosting[baleadas-aebd9]: found 28 files in build
[debug] [2019-02-18T15:38:32.280Z] [hosting] hash cache [YnVpbGQ] load error: lines is not defined
[debug] [2019-02-18T15:38:33.268Z] [hosting] hash cache [YnVpbGQ] stored for 28 files
[debug] [2019-02-18T15:38:33.268Z] [hosting][hash queue][FINAL]
[debug] [2019-02-18T15:38:33.269Z] >>> HTTP REQUEST POST https://firebasehosting.googleapis.com/v1beta1/sites/baleadas-aebd9/versions/8da537e5f25f30c4:populateFiles  
 <request body omitted>
[debug] [2019-02-18T15:38:34.079Z] <<< HTTP RESPONSE 200
[debug] [2019-02-18T15:38:34.091Z] [hosting][populate queue][FINAL]
[debug] [2019-02-18T15:38:34.091Z] [hosting] uploads queued: 6
[debug] [2019-02-18T15:38:35.960Z] [hosting][upload queue][FINAL]
[info] +  hosting[baleadas-aebd9]: file upload complete
[debug] [2019-02-18T15:38:35.964Z] [hosting] deploy completed after 3757ms
[debug] [2019-02-18T15:38:35.967Z] [
  {
    "config": {
      "public": "build",
      "ignore": [
        "firebase.json",
        "**/.*",
        "**/node_modules/**"
      ],
      "site": "baleadas-aebd9"
    },
    "site": "baleadas-aebd9",
    "version": "sites/baleadas-aebd9/versions/8da537e5f25f30c4"
  }
]
[info] i  hosting[baleadas-aebd9]: finalizing version...
[debug] [2019-02-18T15:38:35.972Z] >>> HTTP REQUEST PATCH https://firebasehosting.googleapis.com/v1beta1/sites/baleadas-aebd9/versions/8da537e5f25f30c4?updateMask=status  

[debug] [2019-02-18T15:38:36.588Z] <<< HTTP RESPONSE 200
[debug] [2019-02-18T15:38:36.588Z] [hosting] finalized version for baleadas-aebd9:
[info] +  hosting[baleadas-aebd9]: version finalized
[info] i  hosting[baleadas-aebd9]: releasing new version...
[debug] [2019-02-18T15:38:36.592Z] >>> HTTP REQUEST POST https://firebasehosting.googleapis.com/v1beta1/sites/baleadas-aebd9/releases?version_name=sites/baleadas-aebd9/versions/8da537e5f25f30c4  

